#-----------------------------------------------------------
# Vivado v2018.3 (64-bit)
# SW Build 2405991 on Thu Dec  6 23:38:27 MST 2018
# IP Build 2404404 on Fri Dec  7 01:43:56 MST 2018
# Start of session at: Thu Nov 28 15:45:48 2024
# Process ID: 30752
# Current directory: C:/Users/c/Desktop/kitchen_timer
# Command line: vivado.exe -gui_launcher_event rodinguilauncherevent29772 C:\Users\c\Desktop\kitchen_timer\kitchen_timer.xpr
# Log file: C:/Users/c/Desktop/kitchen_timer/vivado.log
# Journal file: C:/Users/c/Desktop/kitchen_timer\vivado.jou
#-----------------------------------------------------------
start_gui
open_project C:/Users/c/Desktop/kitchen_timer/kitchen_timer.xpr
Scanning sources...
Finished scanning sources
INFO: [IP_Flow 19-234] Refreshing IP repositories
INFO: [IP_Flow 19-1704] No user IP repositories specified
INFO: [IP_Flow 19-2313] Loaded Vivado IP repository 'D:/Vivado2024.1/Vivado/2018.3/data/ip'.
open_project: Time (s): cpu = 00:00:02 ; elapsed = 00:00:06 . Memory (MB): peak = 703.262 ; gain = 98.992
update_compile_order -fileset sources_1
open_hw
connect_hw_server
INFO: [Labtools 27-2285] Connecting to hw_server url TCP:localhost:3121
INFO: [Labtools 27-2222] Launching hw_server...
INFO: [Labtools 27-2221] Launch Output:

****** Xilinx hw_server v2018.3
  **** Build date : Dec  7 2018-00:40:27
    ** Copyright 1986-2018 Xilinx, Inc. All Rights Reserved.


open_hw_target
INFO: [Labtoolstcl 44-466] Opening hw_target localhost:3121/xilinx_tcf/Xilinx/1234-tulA
set_property PROGRAM.FILE {C:/Users/c/Desktop/kitchen_timer/kitchen_timer.runs/impl_1/kitchen_timer_top.bit} [get_hw_devices xc7a35t_0]
current_hw_device [get_hw_devices xc7a35t_0]
refresh_hw_device -update_hw_probes false [lindex [get_hw_devices xc7a35t_0] 0]
INFO: [Labtools 27-1435] Device xc7a35t (JTAG device index = 0) is not programmed (DONE status = 0).
set_property PROBES.FILE {} [get_hw_devices xc7a35t_0]
set_property FULL_PROBES.FILE {} [get_hw_devices xc7a35t_0]
set_property PROGRAM.FILE {C:/Users/c/Desktop/kitchen_timer/kitchen_timer.runs/impl_1/kitchen_timer_top.bit} [get_hw_devices xc7a35t_0]
program_hw_devices [get_hw_devices xc7a35t_0]
INFO: [Labtools 27-3164] End of startup status: HIGH
refresh_hw_device [lindex [get_hw_devices xc7a35t_0] 0]
INFO: [Labtools 27-1434] Device xc7a35t (JTAG device index = 0) is programmed with a design that has no supported debug core(s) in it.
close_hw
open_hw
connect_hw_server
INFO: [Labtools 27-2285] Connecting to hw_server url TCP:localhost:3121
INFO: [Labtools 27-2222] Launching hw_server...
INFO: [Labtools 27-2221] Launch Output:

****** Xilinx hw_server v2018.3
  **** Build date : Dec  7 2018-00:40:27
    ** Copyright 1986-2018 Xilinx, Inc. All Rights Reserved.


open_hw_target
INFO: [Labtoolstcl 44-466] Opening hw_target localhost:3121/xilinx_tcf/Xilinx/1234-tulA
set_property PROGRAM.FILE {C:/Users/c/Desktop/kitchen_timer/kitchen_timer.runs/impl_1/kitchen_timer_top.bit} [get_hw_devices xc7a35t_0]
current_hw_device [get_hw_devices xc7a35t_0]
refresh_hw_device -update_hw_probes false [lindex [get_hw_devices xc7a35t_0] 0]
INFO: [Labtools 27-1435] Device xc7a35t (JTAG device index = 0) is not programmed (DONE status = 0).
set_property PROBES.FILE {} [get_hw_devices xc7a35t_0]
set_property FULL_PROBES.FILE {} [get_hw_devices xc7a35t_0]
set_property PROGRAM.FILE {C:/Users/c/Desktop/kitchen_timer/kitchen_timer.runs/impl_1/kitchen_timer_top.bit} [get_hw_devices xc7a35t_0]
program_hw_devices [get_hw_devices xc7a35t_0]
INFO: [Labtools 27-3164] End of startup status: HIGH
refresh_hw_device [lindex [get_hw_devices xc7a35t_0] 0]
INFO: [Labtools 27-1434] Device xc7a35t (JTAG device index = 0) is programmed with a design that has no supported debug core(s) in it.
close_hw
synth_design -rtl -name rtl_1
Command: synth_design -rtl -name rtl_1
Starting synth_design
Using part: xc7a35tcsg324-1
Top: kitchen_timer_top
---------------------------------------------------------------------------------
Starting RTL Elaboration : Time (s): cpu = 00:00:00 ; elapsed = 00:00:02 . Memory (MB): peak = 1807.613 ; gain = 78.977
---------------------------------------------------------------------------------
INFO: [Synth 8-6157] synthesizing module 'kitchen_timer_top' [C:/Users/c/Desktop/kitchen_timer/kitchen_timer.srcs/sources_1/new/kitchen_timer_top.v:23]
INFO: [Synth 8-6157] synthesizing module 'debounce' [C:/Users/c/Desktop/kitchen_timer/kitchen_timer.srcs/sources_1/new/debounce.v:23]
	Parameter DELAY_TIME bound to: 21'b101101110001101100000 
WARNING: [Synth 8-6014] Unused sequential element key_value_reg was removed.  [C:/Users/c/Desktop/kitchen_timer/kitchen_timer.srcs/sources_1/new/debounce.v:56]
INFO: [Synth 8-6155] done synthesizing module 'debounce' (1#1) [C:/Users/c/Desktop/kitchen_timer/kitchen_timer.srcs/sources_1/new/debounce.v:23]
INFO: [Synth 8-6157] synthesizing module 'FSM' [C:/Users/c/Desktop/kitchen_timer/kitchen_timer.srcs/sources_1/new/FSM.v:23]
	Parameter WORK_INIT0 bound to: 3'b000 
	Parameter COUNT0 bound to: 3'b001 
	Parameter PAUSE0 bound to: 3'b010 
	Parameter WORK_INIT1 bound to: 3'b100 
	Parameter COUNT1 bound to: 3'b101 
	Parameter PAUSE1 bound to: 3'b110 
INFO: [Synth 8-6155] done synthesizing module 'FSM' (2#1) [C:/Users/c/Desktop/kitchen_timer/kitchen_timer.srcs/sources_1/new/FSM.v:23]
INFO: [Synth 8-6157] synthesizing module 'sec_pulse' [C:/Users/c/Desktop/kitchen_timer/kitchen_timer.srcs/sources_1/new/sec_pulse.v:24]
	Parameter fequency bound to: 27'b101111101011110000100000000 
	Parameter max_counter bound to: 99999999 - type: integer 
INFO: [Synth 8-6155] done synthesizing module 'sec_pulse' (3#1) [C:/Users/c/Desktop/kitchen_timer/kitchen_timer.srcs/sources_1/new/sec_pulse.v:24]
INFO: [Synth 8-6157] synthesizing module 'Countdown_time_setup' [C:/Users/c/Desktop/kitchen_timer/kitchen_timer.srcs/sources_1/new/Countdown_time_setup.v:23]
INFO: [Synth 8-6155] done synthesizing module 'Countdown_time_setup' (4#1) [C:/Users/c/Desktop/kitchen_timer/kitchen_timer.srcs/sources_1/new/Countdown_time_setup.v:23]
INFO: [Synth 8-6157] synthesizing module 'reversible_cnt' [C:/Users/c/Desktop/kitchen_timer/kitchen_timer.srcs/sources_1/new/reversible_cnt.v:23]
WARNING: [Synth 8-589] replacing case/wildcard equality operator !== with logical equality operator != [C:/Users/c/Desktop/kitchen_timer/kitchen_timer.srcs/sources_1/new/reversible_cnt.v:44]
WARNING: [Synth 8-589] replacing case/wildcard equality operator !== with logical equality operator != [C:/Users/c/Desktop/kitchen_timer/kitchen_timer.srcs/sources_1/new/reversible_cnt.v:51]
WARNING: [Synth 8-589] replacing case/wildcard equality operator !== with logical equality operator != [C:/Users/c/Desktop/kitchen_timer/kitchen_timer.srcs/sources_1/new/reversible_cnt.v:88]
WARNING: [Synth 8-589] replacing case/wildcard equality operator !== with logical equality operator != [C:/Users/c/Desktop/kitchen_timer/kitchen_timer.srcs/sources_1/new/reversible_cnt.v:95]
WARNING: [Synth 8-589] replacing case/wildcard equality operator !== with logical equality operator != [C:/Users/c/Desktop/kitchen_timer/kitchen_timer.srcs/sources_1/new/reversible_cnt.v:102]
INFO: [Synth 8-6155] done synthesizing module 'reversible_cnt' (5#1) [C:/Users/c/Desktop/kitchen_timer/kitchen_timer.srcs/sources_1/new/reversible_cnt.v:23]
WARNING: [Synth 8-689] width (16) of port connection 'led' does not match port width (1) of module 'reversible_cnt' [C:/Users/c/Desktop/kitchen_timer/kitchen_timer.srcs/sources_1/new/kitchen_timer_top.v:109]
INFO: [Synth 8-6157] synthesizing module 'display' [C:/Users/c/Desktop/kitchen_timer/kitchen_timer.srcs/sources_1/new/display.v:23]
INFO: [Synth 8-226] default block is never used [C:/Users/c/Desktop/kitchen_timer/kitchen_timer.srcs/sources_1/new/display.v:72]
INFO: [Synth 8-6155] done synthesizing module 'display' (6#1) [C:/Users/c/Desktop/kitchen_timer/kitchen_timer.srcs/sources_1/new/display.v:23]
INFO: [Synth 8-6157] synthesizing module 'Countdown_LED' [C:/Users/c/Desktop/kitchen_timer/kitchen_timer.srcs/sources_1/new/Countdown_LED.v:23]
INFO: [Synth 8-6155] done synthesizing module 'Countdown_LED' (7#1) [C:/Users/c/Desktop/kitchen_timer/kitchen_timer.srcs/sources_1/new/Countdown_LED.v:23]
WARNING: [Synth 8-689] width (16) of port connection 'led' does not match port width (1) of module 'Countdown_LED' [C:/Users/c/Desktop/kitchen_timer/kitchen_timer.srcs/sources_1/new/kitchen_timer_top.v:124]
INFO: [Synth 8-6155] done synthesizing module 'kitchen_timer_top' (8#1) [C:/Users/c/Desktop/kitchen_timer/kitchen_timer.srcs/sources_1/new/kitchen_timer_top.v:23]
WARNING: [Synth 8-3331] design Countdown_time_setup has unconnected port load_en
WARNING: [Synth 8-3331] design sec_pulse has unconnected port cnt_en
---------------------------------------------------------------------------------
Finished RTL Elaboration : Time (s): cpu = 00:00:01 ; elapsed = 00:00:02 . Memory (MB): peak = 1842.199 ; gain = 113.562
---------------------------------------------------------------------------------

Report Check Netlist: 
+------+------------------+-------+---------+-------+------------------+
|      |Item              |Errors |Warnings |Status |Description       |
+------+------------------+-------+---------+-------+------------------+
|1     |multi_driven_nets |      0|        0|Passed |Multi driven nets |
+------+------------------+-------+---------+-------+------------------+
---------------------------------------------------------------------------------
Start Handling Custom Attributes
---------------------------------------------------------------------------------
---------------------------------------------------------------------------------
Finished Handling Custom Attributes : Time (s): cpu = 00:00:01 ; elapsed = 00:00:03 . Memory (MB): peak = 1842.199 ; gain = 113.562
---------------------------------------------------------------------------------
---------------------------------------------------------------------------------
Finished RTL Optimization Phase 1 : Time (s): cpu = 00:00:01 ; elapsed = 00:00:03 . Memory (MB): peak = 1842.199 ; gain = 113.562
---------------------------------------------------------------------------------
INFO: [Device 21-403] Loading part xc7a35tcsg324-1
INFO: [Project 1-570] Preparing netlist for logic optimization

Processing XDC Constraints
Initializing timing engine
Parsing XDC File [C:/Users/c/Desktop/kitchen_timer/kitchen_timer.srcs/constrs_1/new/timer.xdc]
Finished Parsing XDC File [C:/Users/c/Desktop/kitchen_timer/kitchen_timer.srcs/constrs_1/new/timer.xdc]
Completed Processing XDC Constraints

INFO: [Opt 31-138] Pushed 0 inverter(s) to 0 load pin(s).
Netlist sorting complete. Time (s): cpu = 00:00:00 ; elapsed = 00:00:00 . Memory (MB): peak = 2167.617 ; gain = 0.000
INFO: [Project 1-111] Unisim Transformation Summary:
No Unisim elements were transformed.

RTL Elaboration Complete:  : Time (s): cpu = 00:00:05 ; elapsed = 00:00:18 . Memory (MB): peak = 2248.934 ; gain = 520.297
21 Infos, 10 Warnings, 0 Critical Warnings and 0 Errors encountered.
synth_design completed successfully
synth_design: Time (s): cpu = 00:00:05 ; elapsed = 00:00:19 . Memory (MB): peak = 2248.934 ; gain = 520.297
reset_run synth_1
launch_runs impl_1 -to_step write_bitstream -jobs 6
[Thu Nov 28 16:03:50 2024] Launched synth_1...
Run output will be captured here: C:/Users/c/Desktop/kitchen_timer/kitchen_timer.runs/synth_1/runme.log
[Thu Nov 28 16:03:50 2024] Launched impl_1...
Run output will be captured here: C:/Users/c/Desktop/kitchen_timer/kitchen_timer.runs/impl_1/runme.log
close_design
open_run impl_1
INFO: [Netlist 29-17] Analyzing 34 Unisim elements for replacement
INFO: [Netlist 29-28] Unisim Transformation completed in 0 CPU seconds
INFO: [Project 1-479] Netlist was created with Vivado 2018.3
INFO: [Project 1-570] Preparing netlist for logic optimization
INFO: [Timing 38-478] Restoring timing data from binary archive.
INFO: [Timing 38-479] Binary timing data restore complete.
INFO: [Project 1-856] Restoring constraints from binary archive.
INFO: [Project 1-853] Binary constraint restore complete.
Reading XDEF placement.
Reading placer database...
Reading XDEF routing.
Read XDEF File: Time (s): cpu = 00:00:00 ; elapsed = 00:00:00.056 . Memory (MB): peak = 2729.984 ; gain = 0.000
Restored from archive | CPU: 0.000000 secs | Memory: 0.000000 MB |
Finished XDEF File Restore: Time (s): cpu = 00:00:00 ; elapsed = 00:00:00.057 . Memory (MB): peak = 2729.984 ; gain = 0.000
Netlist sorting complete. Time (s): cpu = 00:00:00 ; elapsed = 00:00:00.001 . Memory (MB): peak = 2729.984 ; gain = 0.000
INFO: [Project 1-111] Unisim Transformation Summary:
No Unisim elements were transformed.

open_run: Time (s): cpu = 00:00:03 ; elapsed = 00:00:09 . Memory (MB): peak = 2809.809 ; gain = 540.426
WARNING: [Timing 38-313] There are no user specified timing constraints. Timing constraints are needed for proper timing analysis.
open_hw
connect_hw_server
INFO: [Labtools 27-2285] Connecting to hw_server url TCP:localhost:3121
INFO: [Labtools 27-2222] Launching hw_server...
INFO: [Labtools 27-2221] Launch Output:

****** Xilinx hw_server v2018.3
  **** Build date : Dec  7 2018-00:40:27
    ** Copyright 1986-2018 Xilinx, Inc. All Rights Reserved.


open_hw_target
INFO: [Labtoolstcl 44-466] Opening hw_target localhost:3121/xilinx_tcf/Xilinx/1234-tulA
set_property PROGRAM.FILE {C:/Users/c/Desktop/kitchen_timer/kitchen_timer.runs/impl_1/kitchen_timer_top.bit} [get_hw_devices xc7a35t_0]
current_hw_device [get_hw_devices xc7a35t_0]
refresh_hw_device -update_hw_probes false [lindex [get_hw_devices xc7a35t_0] 0]
INFO: [Labtools 27-1434] Device xc7a35t (JTAG device index = 0) is programmed with a design that has no supported debug core(s) in it.
set_property PROBES.FILE {} [get_hw_devices xc7a35t_0]
set_property FULL_PROBES.FILE {} [get_hw_devices xc7a35t_0]
set_property PROGRAM.FILE {C:/Users/c/Desktop/kitchen_timer/kitchen_timer.runs/impl_1/kitchen_timer_top.bit} [get_hw_devices xc7a35t_0]
program_hw_devices [get_hw_devices xc7a35t_0]
INFO: [Labtools 27-3164] End of startup status: HIGH
refresh_hw_device [lindex [get_hw_devices xc7a35t_0] 0]
INFO: [Labtools 27-1434] Device xc7a35t (JTAG device index = 0) is programmed with a design that has no supported debug core(s) in it.
close_hw
exit
INFO: [Common 17-206] Exiting Vivado at Thu Nov 28 16:12:52 2024...
