#-----------------------------------------------------------
# Vivado v2018.3 (64-bit)
# SW Build 2405991 on Thu Dec  6 23:38:27 MST 2018
# IP Build 2404404 on Fri Dec  7 01:43:56 MST 2018
# Start of session at: Wed Nov 27 18:14:39 2024
# Process ID: 39184
# Current directory: C:/Users/c/Desktop/kitchen_timer
# Command line: vivado.exe -gui_launcher_event rodinguilauncherevent27584 C:\Users\c\Desktop\kitchen_timer\kitchen_timer.xpr
# Log file: C:/Users/c/Desktop/kitchen_timer/vivado.log
# Journal file: C:/Users/c/Desktop/kitchen_timer\vivado.jou
#-----------------------------------------------------------
start_gui
open_project C:/Users/c/Desktop/kitchen_timer/kitchen_timer.xpr
Scanning sources...
Finished scanning sources
INFO: [IP_Flow 19-234] Refreshing IP repositories
INFO: [IP_Flow 19-1704] No user IP repositories specified
INFO: [IP_Flow 19-2313] Loaded Vivado IP repository 'D:/Vivado2024.1/Vivado/2018.3/data/ip'.
update_compile_order -fileset sources_1
exit
INFO: [Common 17-206] Exiting Vivado at Wed Nov 27 19:52:38 2024...
